

Microchip MPLAB XC8 Assembler V2.40 build 20220703182018 
                                                                                               Tue Dec 13 16:11:43 2022

Microchip MPLAB XC8 C Compiler v2.40 (Free license) build 20220703182018 Og1 
     1                           	processor	18F4520
     2                           	fnconf	rparam,??,?,0
     3                           	pagewidth 120
     4                           	opt	flic
     5                           	psect	cinit,global,reloc=2,class=CODE,delta=1
     6                           	psect	cstackCOMRAM,global,class=COMRAM,space=1,delta=1,lowdata,noexec
     7                           	psect	text0,global,reloc=2,class=CODE,delta=1
     8                           	psect	text1,global,reloc=2,class=CODE,delta=1
     9                           	psect	text2,global,reloc=2,class=CODE,delta=1
    10                           	psect	intsave_regs,global,class=BIGRAM,space=1,delta=1,noexec
    11                           	psect	rparam,global,class=COMRAM,space=1,delta=1,noexec
    12                           	psect	idloc,global,abs,ovrld,class=IDLOC,space=5,delta=1,noexec
    13                           	psect	config,global,abs,ovrld,class=CONFIG,space=4,delta=1,noexec
    14   000000                     
    15                           ; Version 2.40
    16                           ; Generated 17/11/2021 GMT
    17                           ; 
    18                           ; Copyright © 2021, Microchip Technology Inc. and its subsidiaries ("Microchip")
    19                           ; All rights reserved.
    20                           ; 
    21                           ; This software is developed by Microchip Technology Inc. and its subsidiaries ("Microch
      +                          ip").
    22                           ; 
    23                           ; Redistribution and use in source and binary forms, with or without modification, are
    24                           ; permitted provided that the following conditions are met:
    25                           ; 
    26                           ;     1. Redistributions of source code must retain the above copyright notice, this lis
      +                          t of
    27                           ;        conditions and the following disclaimer.
    28                           ; 
    29                           ;     2. Redistributions in binary form must reproduce the above copyright notice, this 
      +                          list
    30                           ;        of conditions and the following disclaimer in the documentation and/or other
    31                           ;        materials provided with the distribution. Publication is not required when
    32                           ;        this file is used in an embedded application.
    33                           ; 
    34                           ;     3. Microchip's name may not be used to endorse or promote products derived from th
      +                          is
    35                           ;        software without specific prior written permission.
    36                           ; 
    37                           ; THIS SOFTWARE IS PROVIDED BY MICROCHIP "AS IS" AND ANY EXPRESS OR IMPLIED WARRANTIES,
    38                           ; INCLUDING, BUT NOT LIMITED TO, THE IMPLIED WARRANTIES OF MERCHANTABILITY AND FITNESS F
      +                          OR
    39                           ; PURPOSE ARE DISCLAIMED.  IN NO EVENT SHALL MICROCHIP BE LIABLE FOR ANY DIRECT, INDIREC
      +                          T,
    40                           ; INCIDENTAL, SPECIAL, EXEMPLARY, OR CONSEQUENTIAL DAMAGES (INCLUDING BUT NOT LIMITED TO
    41                           ; PROCUREMENT OF SUBSTITUTE GOODS OR SERVICES; LOSS OF USE, DATA OR PROFITS; OR BUSINESS
    42                           ; INTERRUPTION) HOWSOEVER CAUSED AND ON ANY THEORY OF LIABILITY, WHETHER IN CONTRACT, ST
      +                          RICT
    43                           ; LIABILITY, OR TORT (INCLUDING NEGLIGENCE OR OTHERWISE) ARISING IN ANY WAY OUT OF THE U
      +                          SE OF
    44                           ; THIS SOFTWARE, EVEN IF ADVISED OF THE POSSIBILITY OF SUCH DAMAGE.
    45                           ; 
    46                           ; 
    47                           ; Code-generator required, PIC18F4520 Definitions
    48                           ; 
    49                           ; SFR Addresses
    50   000000                     _TMR1L	set	4046
    51   000000                     _TMR1H	set	4047
    52   000000                     _LATBbits	set	3978
    53   000000                     _TRISBbits	set	3987
    54   000000                     _PIR1bits	set	3998
    55   000000                     _T1CONbits	set	4045
    56   000000                     _TMR0L	set	4054
    57   000000                     _TMR0H	set	4055
    58                           
    59                           ; #config settings
    60                           
    61                           	psect	cinit
    62   006FAC                     __pcinit:
    63                           	callstack 0
    64   006FAC                     start_initialization:
    65                           	callstack 0
    66   006FAC                     __initialization:
    67                           	callstack 0
    68   006FAC                     end_of_initialization:
    69                           	callstack 0
    70   006FAC                     __end_of__initialization:
    71                           	callstack 0
    72   006FAC  0100               	movlb	0
    73   006FAE  EFE3  F037         	goto	_main	;jump to C main() function
    74                           
    75                           	psect	cstackCOMRAM
    76   000000                     __pcstackCOMRAM:
    77                           	callstack 0
    78   000000                     
    79                           ; 1 bytes @ 0x0
    80 ;;
    81 ;;Main: autosize = 0, tempsize = 0, incstack = 0, save=0
    82 ;;
    83 ;; *************** function _main *****************
    84 ;; Defined at:
    85 ;;		line 23 in file "timer1_main.c"
    86 ;; Parameters:    Size  Location     Type
    87 ;;		None
    88 ;; Auto vars:     Size  Location     Type
    89 ;;		None
    90 ;; Return value:  Size  Location     Type
    91 ;;                  1    wreg      void 
    92 ;; Registers used:
    93 ;;		wreg, status,2, cstack
    94 ;; Tracked objects:
    95 ;;		On entry : 0/0
    96 ;;		On exit  : 0/0
    97 ;;		Unchanged: 0/0
    98 ;; Data sizes:     COMRAM   BANK0   BANK1   BANK2   BANK3   BANK4   BANK5
    99 ;;      Params:         0       0       0       0       0       0       0
   100 ;;      Locals:         0       0       0       0       0       0       0
   101 ;;      Temps:          0       0       0       0       0       0       0
   102 ;;      Totals:         0       0       0       0       0       0       0
   103 ;;Total ram usage:        0 bytes
   104 ;; Hardware stack levels required when called: 1
   105 ;; This function calls:
   106 ;;		_Timer1_Init
   107 ;;		_timer1
   108 ;; This function is called by:
   109 ;;		Startup code after reset
   110 ;; This function uses a non-reentrant model
   111 ;;
   112                           
   113                           	psect	text0
   114   006FC6                     __ptext0:
   115                           	callstack 0
   116   006FC6                     _main:
   117                           	callstack 30
   118   006FC6                     
   119                           ;timer1_main.c: 25:     TRISBbits.RB7 = 0;
   120   006FC6  9E93               	bcf	147,7,c	;volatile
   121                           
   122                           ;timer1_main.c: 26:     LATBbits.LATB7 = 0;
   123   006FC8  9E8A               	bcf	138,7,c	;volatile
   124   006FCA                     
   125                           ;timer1_main.c: 27:     Timer1_Init();
   126   006FCA  ECD9  F037         	call	_Timer1_Init	;wreg free
   127   006FCE                     l729:
   128                           
   129                           ;timer1_main.c: 29:     {;timer1_main.c: 30:         LATBbits.LATB7 = 0;
   130   006FCE  9E8A               	bcf	138,7,c	;volatile
   131                           
   132                           ;timer1_main.c: 31:         timer1();
   133   006FD0  ECF1  F037         	call	_timer1	;wreg free
   134   006FD4                     
   135                           ;timer1_main.c: 32:         LATBbits.LB7 = 1;
   136   006FD4  8E8A               	bsf	138,7,c	;volatile
   137                           
   138                           ;timer1_main.c: 33:         timer1();
   139   006FD6  ECF1  F037         	call	_timer1	;wreg free
   140   006FDA  EFE7  F037         	goto	l729
   141   006FDE  EF00  F000         	goto	start
   142   006FE2                     __end_of_main:
   143                           	callstack 0
   144                           
   145 ;; *************** function _timer1 *****************
   146 ;; Defined at:
   147 ;;		line 14 in file "timer1_main.c"
   148 ;; Parameters:    Size  Location     Type
   149 ;;		None
   150 ;; Auto vars:     Size  Location     Type
   151 ;;		None
   152 ;; Return value:  Size  Location     Type
   153 ;;                  1    wreg      void 
   154 ;; Registers used:
   155 ;;		wreg, status,2
   156 ;; Tracked objects:
   157 ;;		On entry : 0/0
   158 ;;		On exit  : 0/0
   159 ;;		Unchanged: 0/0
   160 ;; Data sizes:     COMRAM   BANK0   BANK1   BANK2   BANK3   BANK4   BANK5
   161 ;;      Params:         0       0       0       0       0       0       0
   162 ;;      Locals:         0       0       0       0       0       0       0
   163 ;;      Temps:          0       0       0       0       0       0       0
   164 ;;      Totals:         0       0       0       0       0       0       0
   165 ;;Total ram usage:        0 bytes
   166 ;; Hardware stack levels used: 1
   167 ;; This function calls:
   168 ;;		Nothing
   169 ;; This function is called by:
   170 ;;		_main
   171 ;; This function uses a non-reentrant model
   172 ;;
   173                           
   174                           	psect	text1
   175   006FE2                     __ptext1:
   176                           	callstack 0
   177   006FE2                     _timer1:
   178                           	callstack 30
   179   006FE2                     l22:
   180   006FE2  A09E               	btfss	158,0,c	;volatile
   181   006FE4  EFF6  F037         	goto	u11
   182   006FE8  EFF8  F037         	goto	u10
   183   006FEC                     u11:
   184   006FEC  EFF1  F037         	goto	l22
   185   006FF0                     u10:
   186   006FF0                     
   187                           ;timer1_main.c: 17:         T1CONbits.TMR1ON = 0;
   188   006FF0  90CD               	bcf	205,0,c	;volatile
   189   006FF2                     
   190                           ;timer1_main.c: 18:         PIR1bits.TMR1IF==0;
   191   006FF2  509E               	movf	158,w,c	;volatile
   192   006FF4                     
   193                           ;timer1_main.c: 19:         TMR0H = 0x3C;
   194   006FF4  0E3C               	movlw	60
   195   006FF6  6ED7               	movwf	215,c	;volatile
   196   006FF8                     
   197                           ;timer1_main.c: 20:         TMR0L = 0xAF;
   198   006FF8  0EAF               	movlw	175
   199   006FFA  6ED6               	movwf	214,c	;volatile
   200   006FFC                     
   201                           ;timer1_main.c: 21:         T1CONbits.TMR1ON = 1;
   202   006FFC  80CD               	bsf	205,0,c	;volatile
   203   006FFE  0012               	return		;funcret
   204   007000                     __end_of_timer1:
   205                           	callstack 0
   206                           
   207 ;; *************** function _Timer1_Init *****************
   208 ;; Defined at:
   209 ;;		line 3 in file "timer1_main.c"
   210 ;; Parameters:    Size  Location     Type
   211 ;;		None
   212 ;; Auto vars:     Size  Location     Type
   213 ;;		None
   214 ;; Return value:  Size  Location     Type
   215 ;;                  1    wreg      void 
   216 ;; Registers used:
   217 ;;		wreg, status,2
   218 ;; Tracked objects:
   219 ;;		On entry : 0/0
   220 ;;		On exit  : 0/0
   221 ;;		Unchanged: 0/0
   222 ;; Data sizes:     COMRAM   BANK0   BANK1   BANK2   BANK3   BANK4   BANK5
   223 ;;      Params:         0       0       0       0       0       0       0
   224 ;;      Locals:         0       0       0       0       0       0       0
   225 ;;      Temps:          0       0       0       0       0       0       0
   226 ;;      Totals:         0       0       0       0       0       0       0
   227 ;;Total ram usage:        0 bytes
   228 ;; Hardware stack levels used: 1
   229 ;; This function calls:
   230 ;;		Nothing
   231 ;; This function is called by:
   232 ;;		_main
   233 ;; This function uses a non-reentrant model
   234 ;;
   235                           
   236                           	psect	text2
   237   006FB2                     __ptext2:
   238                           	callstack 0
   239   006FB2                     _Timer1_Init:
   240                           	callstack 30
   241   006FB2                     
   242                           ;timer1_main.c: 4:     T1CONbits.RD16=0;
   243   006FB2  9ECD               	bcf	205,7,c	;volatile
   244                           
   245                           ;timer1_main.c: 5:     T1CONbits.TMR1CS =0;
   246   006FB4  92CD               	bcf	205,1,c	;volatile
   247   006FB6                     
   248                           ;timer1_main.c: 6:     T1CONbits.T1CKPS =0b11;
   249   006FB6  0E30               	movlw	48
   250   006FB8  12CD               	iorwf	205,f,c	;volatile
   251                           
   252                           ;timer1_main.c: 10:     TMR1H = 0x3C;
   253   006FBA  0E3C               	movlw	60
   254   006FBC  6ECF               	movwf	207,c	;volatile
   255                           
   256                           ;timer1_main.c: 11:     TMR1L = 0xAF;
   257   006FBE  0EAF               	movlw	175
   258   006FC0  6ECE               	movwf	206,c	;volatile
   259   006FC2                     
   260                           ;timer1_main.c: 12:     T1CONbits.TMR1ON = 1;
   261   006FC2  80CD               	bsf	205,0,c	;volatile
   262   006FC4  0012               	return		;funcret
   263   006FC6                     __end_of_Timer1_Init:
   264                           	callstack 0
   265   000000                     
   266                           	psect	rparam
   267   000000                     
   268                           	psect	idloc
   269                           
   270                           ;Config register IDLOC0 @ 0x200000
   271                           ;	unspecified, using default values
   272   200000                     	org	2097152
   273   200000  FF                 	db	255
   274                           
   275                           ;Config register IDLOC1 @ 0x200001
   276                           ;	unspecified, using default values
   277   200001                     	org	2097153
   278   200001  FF                 	db	255
   279                           
   280                           ;Config register IDLOC2 @ 0x200002
   281                           ;	unspecified, using default values
   282   200002                     	org	2097154
   283   200002  FF                 	db	255
   284                           
   285                           ;Config register IDLOC3 @ 0x200003
   286                           ;	unspecified, using default values
   287   200003                     	org	2097155
   288   200003  FF                 	db	255
   289                           
   290                           ;Config register IDLOC4 @ 0x200004
   291                           ;	unspecified, using default values
   292   200004                     	org	2097156
   293   200004  FF                 	db	255
   294                           
   295                           ;Config register IDLOC5 @ 0x200005
   296                           ;	unspecified, using default values
   297   200005                     	org	2097157
   298   200005  FF                 	db	255
   299                           
   300                           ;Config register IDLOC6 @ 0x200006
   301                           ;	unspecified, using default values
   302   200006                     	org	2097158
   303   200006  FF                 	db	255
   304                           
   305                           ;Config register IDLOC7 @ 0x200007
   306                           ;	unspecified, using default values
   307   200007                     	org	2097159
   308   200007  FF                 	db	255
   309                           
   310                           	psect	config
   311                           
   312                           ; Padding undefined space
   313   300000                     	org	3145728
   314   300000  FF                 	db	255
   315                           
   316                           ;Config register CONFIG1H @ 0x300001
   317                           ;	Oscillator Selection bits
   318                           ;	OSC = HS, HS oscillator
   319                           ;	Fail-Safe Clock Monitor Enable bit
   320                           ;	FCMEN = OFF, Fail-Safe Clock Monitor disabled
   321                           ;	Internal/External Oscillator Switchover bit
   322                           ;	IESO = OFF, Oscillator Switchover mode disabled
   323   300001                     	org	3145729
   324   300001  02                 	db	2
   325                           
   326                           ;Config register CONFIG2L @ 0x300002
   327                           ;	Power-up Timer Enable bit
   328                           ;	PWRT = OFF, PWRT disabled
   329                           ;	Brown-out Reset Enable bits
   330                           ;	BOREN = SBORDIS, Brown-out Reset enabled in hardware only (SBOREN is disabled)
   331                           ;	Brown Out Reset Voltage bits
   332                           ;	BORV = 3, Minimum setting
   333   300002                     	org	3145730
   334   300002  1F                 	db	31
   335                           
   336                           ;Config register CONFIG2H @ 0x300003
   337                           ;	Watchdog Timer Enable bit
   338                           ;	WDT = OFF, WDT disabled (control is placed on the SWDTEN bit)
   339                           ;	Watchdog Timer Postscale Select bits
   340                           ;	WDTPS = 32768, 1:32768
   341   300003                     	org	3145731
   342   300003  1E                 	db	30
   343                           
   344                           ; Padding undefined space
   345   300004                     	org	3145732
   346   300004  FF                 	db	255
   347                           
   348                           ;Config register CONFIG3H @ 0x300005
   349                           ;	CCP2 MUX bit
   350                           ;	CCP2MX = PORTC, CCP2 input/output is multiplexed with RC1
   351                           ;	PORTB A/D Enable bit
   352                           ;	PBADEN = OFF, PORTB<4:0> pins are configured as digital I/O on Reset
   353                           ;	Low-Power Timer1 Oscillator Enable bit
   354                           ;	LPT1OSC = OFF, Timer1 configured for higher power operation
   355                           ;	MCLR Pin Enable bit
   356                           ;	MCLRE = OFF, RE3 input pin enabled; MCLR disabled
   357   300005                     	org	3145733
   358   300005  01                 	db	1
   359                           
   360                           ;Config register CONFIG4L @ 0x300006
   361                           ;	Stack Full/Underflow Reset Enable bit
   362                           ;	STVREN = ON, Stack full/underflow will cause Reset
   363                           ;	Single-Supply ICSP Enable bit
   364                           ;	LVP = OFF, Single-Supply ICSP disabled
   365                           ;	Extended Instruction Set Enable bit
   366                           ;	XINST = OFF, Instruction set extension and Indexed Addressing mode disabled (Legacy mo
      +                          de)
   367                           ;	Background Debugger Enable bit
   368                           ;	DEBUG = 0x1, unprogrammed default
   369   300006                     	org	3145734
   370   300006  81                 	db	129
   371                           
   372                           ; Padding undefined space
   373   300007                     	org	3145735
   374   300007  FF                 	db	255
   375                           
   376                           ;Config register CONFIG5L @ 0x300008
   377                           ;	Code Protection bit
   378                           ;	CP0 = OFF, Block 0 (000800-001FFFh) not code-protected
   379                           ;	Code Protection bit
   380                           ;	CP1 = OFF, Block 1 (002000-003FFFh) not code-protected
   381                           ;	Code Protection bit
   382                           ;	CP2 = OFF, Block 2 (004000-005FFFh) not code-protected
   383                           ;	Code Protection bit
   384                           ;	CP3 = OFF, Block 3 (006000-007FFFh) not code-protected
   385   300008                     	org	3145736
   386   300008  0F                 	db	15
   387                           
   388                           ;Config register CONFIG5H @ 0x300009
   389                           ;	Boot Block Code Protection bit
   390                           ;	CPB = OFF, Boot block (000000-0007FFh) not code-protected
   391                           ;	Data EEPROM Code Protection bit
   392                           ;	CPD = OFF, Data EEPROM not code-protected
   393   300009                     	org	3145737
   394   300009  C0                 	db	192
   395                           
   396                           ;Config register CONFIG6L @ 0x30000A
   397                           ;	Write Protection bit
   398                           ;	WRT0 = OFF, Block 0 (000800-001FFFh) not write-protected
   399                           ;	Write Protection bit
   400                           ;	WRT1 = OFF, Block 1 (002000-003FFFh) not write-protected
   401                           ;	Write Protection bit
   402                           ;	WRT2 = OFF, Block 2 (004000-005FFFh) not write-protected
   403                           ;	Write Protection bit
   404                           ;	WRT3 = OFF, Block 3 (006000-007FFFh) not write-protected
   405   30000A                     	org	3145738
   406   30000A  0F                 	db	15
   407                           
   408                           ;Config register CONFIG6H @ 0x30000B
   409                           ;	Configuration Register Write Protection bit
   410                           ;	WRTC = OFF, Configuration registers (300000-3000FFh) not write-protected
   411                           ;	Boot Block Write Protection bit
   412                           ;	WRTB = OFF, Boot block (000000-0007FFh) not write-protected
   413                           ;	Data EEPROM Write Protection bit
   414                           ;	WRTD = OFF, Data EEPROM not write-protected
   415   30000B                     	org	3145739
   416   30000B  E0                 	db	224
   417                           
   418                           ;Config register CONFIG7L @ 0x30000C
   419                           ;	Table Read Protection bit
   420                           ;	EBTR0 = OFF, Block 0 (000800-001FFFh) not protected from table reads executed in other
      +                           blocks
   421                           ;	Table Read Protection bit
   422                           ;	EBTR1 = OFF, Block 1 (002000-003FFFh) not protected from table reads executed in other
      +                           blocks
   423                           ;	Table Read Protection bit
   424                           ;	EBTR2 = OFF, Block 2 (004000-005FFFh) not protected from table reads executed in other
      +                           blocks
   425                           ;	Table Read Protection bit
   426                           ;	EBTR3 = OFF, Block 3 (006000-007FFFh) not protected from table reads executed in other
      +                           blocks
   427   30000C                     	org	3145740
   428   30000C  0F                 	db	15
   429                           
   430                           ;Config register CONFIG7H @ 0x30000D
   431                           ;	Boot Block Table Read Protection bit
   432                           ;	EBTRB = OFF, Boot block (000000-0007FFh) not protected from table reads executed in ot
      +                          her blocks
   433   30000D                     	org	3145741
   434   30000D  40                 	db	64
   435                           tosu	equ	0xFFF
   436                           tosh	equ	0xFFE
   437                           tosl	equ	0xFFD
   438                           stkptr	equ	0xFFC
   439                           pclatu	equ	0xFFB
   440                           pclath	equ	0xFFA
   441                           pcl	equ	0xFF9
   442                           tblptru	equ	0xFF8
   443                           tblptrh	equ	0xFF7
   444                           tblptrl	equ	0xFF6
   445                           tablat	equ	0xFF5
   446                           prodh	equ	0xFF4
   447                           prodl	equ	0xFF3
   448                           indf0	equ	0xFEF
   449                           postinc0	equ	0xFEE
   450                           postdec0	equ	0xFED
   451                           preinc0	equ	0xFEC
   452                           plusw0	equ	0xFEB
   453                           fsr0h	equ	0xFEA
   454                           fsr0l	equ	0xFE9
   455                           wreg	equ	0xFE8
   456                           indf1	equ	0xFE7
   457                           postinc1	equ	0xFE6
   458                           postdec1	equ	0xFE5
   459                           preinc1	equ	0xFE4
   460                           plusw1	equ	0xFE3
   461                           fsr1h	equ	0xFE2
   462                           fsr1l	equ	0xFE1
   463                           bsr	equ	0xFE0
   464                           indf2	equ	0xFDF
   465                           postinc2	equ	0xFDE
   466                           postdec2	equ	0xFDD
   467                           preinc2	equ	0xFDC
   468                           plusw2	equ	0xFDB
   469                           fsr2h	equ	0xFDA
   470                           fsr2l	equ	0xFD9
   471                           status	equ	0xFD8

Data Sizes:
    Strings     0
    Constant    0
    Data        0
    BSS         0
    Persistent  0
    Stack       0

Auto Spaces:
    Space          Size  Autos    Used
    COMRAM          127      0       0
    BANK0           128      0       0
    BANK1           256      0       0
    BANK2           256      0       0
    BANK3           256      0       0
    BANK4           256      0       0
    BANK5           256      0       0

Pointer List with Targets:

    None.

Critical Paths under _main in COMRAM

    None.

Critical Paths under _main in BANK0

    None.

Critical Paths under _main in BANK1

    None.

Critical Paths under _main in BANK2

    None.

Critical Paths under _main in BANK3

    None.

Critical Paths under _main in BANK4

    None.

Critical Paths under _main in BANK5

    None.

Call Graph Tables:

 ---------------------------------------------------------------------------------
 (Depth) Function   	        Calls       Base Space   Used Autos Params    Refs
 ---------------------------------------------------------------------------------
 (0) _main                                                 0     0      0       0
                        _Timer1_Init
                             _timer1
 ---------------------------------------------------------------------------------
 (1) _timer1                                               0     0      0       0
 ---------------------------------------------------------------------------------
 (1) _Timer1_Init                                          0     0      0       0
 ---------------------------------------------------------------------------------
 Estimated maximum stack depth 1
 ---------------------------------------------------------------------------------

 Call Graph Graphs:

 _main (ROOT)
   _Timer1_Init
   _timer1

 Address spaces:
Name               Size   Autos  Total    Cost      Usage
BITCOMRAM           7F      0       0       0        0.0%
EEDATA             100      0       0       0        0.0%
NULL                 0      0       0       0        0.0%
CODE                 0      0       0       0        0.0%
COMRAM              7F      0       0       1        0.0%
STACK                0      0       0       2        0.0%
DATA                 0      0       0       3        0.0%
BITBANK0            80      0       0       4        0.0%
BANK0               80      0       0       5        0.0%
BITBANK1           100      0       0       6        0.0%
BANK1              100      0       0       7        0.0%
BITBANK2           100      0       0       8        0.0%
BANK2              100      0       0       9        0.0%
BITBANK3           100      0       0      10        0.0%
BANK3              100      0       0      11        0.0%
BITBANK4           100      0       0      12        0.0%
BANK4              100      0       0      13        0.0%
BITBANK5           100      0       0      14        0.0%
BANK5              100      0       0      15        0.0%
BITBIGSFRhhh        28      0       0      16        0.0%
BITBIGSFRhhl         6      0       0      17        0.0%
BITBIGSFRlh         2E      0       0      18        0.0%
BITBIGSFRllh         A      0       0      19        0.0%
BITBIGSFRlllh        8      0       0      20        0.0%
BITBIGSFRllll        A      0       0      21        0.0%
ABS                  0      0       0      22        0.0%
BIGRAM             5FF      0       0      23        0.0%
BIGSFR               0      0       0     200        0.0%
BITSFR               0      0       0     200        0.0%
SFR                  0      0       0     200        0.0%


Microchip Technology PIC18 Macro Assembler V2.40 build 20220703182018 
Symbol Table                                                                                   Tue Dec 13 16:11:43 2022

                     l22 6FE2                       l24 6FF0                       l25 6FFE  
                     l19 6FC4                       u10 6FF0                       u11 6FEC  
                    l711 6FB6                      l713 6FC2                      l721 6FF8  
                    l723 6FFC                      l715 6FE2                      l731 6FD4  
                    l709 6FB2                      l717 6FF2                      l725 6FC6  
                    l719 6FF4                      l727 6FCA                      l729 6FCE  
                   _main 6FC6                     start 0000             ___param_bank 000000  
                  ?_main 0000                    _TMR0H 000FD7                    _TMR1H 000FCF  
                  _TMR0L 000FD6                    _TMR1L 000FCE          __initialization 6FAC  
           __end_of_main 6FE2                   ??_main 0000            __activetblptr 000000  
          ??_Timer1_Init 0000                   _timer1 6FE2                   isa$std 000001  
             __accesstop 0080  __end_of__initialization 6FAC            ___rparam_used 000001  
         __pcstackCOMRAM 0000      __end_of_Timer1_Init 6FC6                  ?_timer1 0000  
                __Hparam 0000              _Timer1_Init 6FB2                  __Lparam 0000  
                __pcinit 6FAC                  __ramtop 0600                  __ptext0 6FC6  
                __ptext1 6FE2                  __ptext2 6FB2                _T1CONbits 000FCD  
   end_of_initialization 6FAC                _TRISBbits 000F93           __end_of_timer1 7000  
    start_initialization 6FAC                 ??_timer1 0000             ?_Timer1_Init 0000  
               _LATBbits 000F8A                 _PIR1bits 000F9E                 __Hrparam 0000  
               __Lrparam 0000                 isa$xinst 000000  
