

Microchip MPLAB XC8 Assembler V2.40 build 20220703182018 
                                                                                               Tue Dec 13 16:56:33 2022

Microchip MPLAB XC8 C Compiler v2.40 (Free license) build 20220703182018 Og1 
     1                           	processor	18F4520
     2                           	fnconf	rparam,??,?,0
     3                           	pagewidth 120
     4                           	opt	flic
     5                           	psect	cinit,global,reloc=2,class=CODE,delta=1
     6                           	psect	cstackCOMRAM,global,class=COMRAM,space=1,delta=1,lowdata,noexec
     7                           	psect	text0,global,reloc=2,class=CODE,delta=1
     8                           	psect	text1,global,reloc=2,class=CODE,delta=1
     9                           	psect	text2,global,reloc=2,class=CODE,delta=1
    10                           	psect	intsave_regs,global,class=BIGRAM,space=1,delta=1,noexec
    11                           	psect	rparam,global,class=COMRAM,space=1,delta=1,noexec
    12                           	psect	idloc,global,abs,ovrld,class=IDLOC,space=5,delta=1,noexec
    13                           	psect	config,global,abs,ovrld,class=CONFIG,space=4,delta=1,noexec
    14   000000                     
    15                           ; Version 2.40
    16                           ; Generated 17/11/2021 GMT
    17                           ; 
    18                           ; Copyright © 2021, Microchip Technology Inc. and its subsidiaries ("Microchip")
    19                           ; All rights reserved.
    20                           ; 
    21                           ; This software is developed by Microchip Technology Inc. and its subsidiaries ("Microch
      +                          ip").
    22                           ; 
    23                           ; Redistribution and use in source and binary forms, with or without modification, are
    24                           ; permitted provided that the following conditions are met:
    25                           ; 
    26                           ;     1. Redistributions of source code must retain the above copyright notice, this lis
      +                          t of
    27                           ;        conditions and the following disclaimer.
    28                           ; 
    29                           ;     2. Redistributions in binary form must reproduce the above copyright notice, this 
      +                          list
    30                           ;        of conditions and the following disclaimer in the documentation and/or other
    31                           ;        materials provided with the distribution. Publication is not required when
    32                           ;        this file is used in an embedded application.
    33                           ; 
    34                           ;     3. Microchip's name may not be used to endorse or promote products derived from th
      +                          is
    35                           ;        software without specific prior written permission.
    36                           ; 
    37                           ; THIS SOFTWARE IS PROVIDED BY MICROCHIP "AS IS" AND ANY EXPRESS OR IMPLIED WARRANTIES,
    38                           ; INCLUDING, BUT NOT LIMITED TO, THE IMPLIED WARRANTIES OF MERCHANTABILITY AND FITNESS F
      +                          OR
    39                           ; PURPOSE ARE DISCLAIMED.  IN NO EVENT SHALL MICROCHIP BE LIABLE FOR ANY DIRECT, INDIREC
      +                          T,
    40                           ; INCIDENTAL, SPECIAL, EXEMPLARY, OR CONSEQUENTIAL DAMAGES (INCLUDING BUT NOT LIMITED TO
    41                           ; PROCUREMENT OF SUBSTITUTE GOODS OR SERVICES; LOSS OF USE, DATA OR PROFITS; OR BUSINESS
    42                           ; INTERRUPTION) HOWSOEVER CAUSED AND ON ANY THEORY OF LIABILITY, WHETHER IN CONTRACT, ST
      +                          RICT
    43                           ; LIABILITY, OR TORT (INCLUDING NEGLIGENCE OR OTHERWISE) ARISING IN ANY WAY OUT OF THE U
      +                          SE OF
    44                           ; THIS SOFTWARE, EVEN IF ADVISED OF THE POSSIBILITY OF SUCH DAMAGE.
    45                           ; 
    46                           ; 
    47                           ; Code-generator required, PIC18F4520 Definitions
    48                           ; 
    49                           ; SFR Addresses
    50   000000                     _TMR0L	set	4054
    51   000000                     _TMR0H	set	4055
    52   000000                     _LATBbits	set	3978
    53   000000                     _TRISBbits	set	3987
    54   000000                     _T0CONbits	set	4053
    55   000000                     _INTCONbits	set	4082
    56                           
    57                           ; #config settings
    58                           
    59                           	psect	cinit
    60   006FA4                     __pcinit:
    61                           	callstack 0
    62   006FA4                     start_initialization:
    63                           	callstack 0
    64   006FA4                     __initialization:
    65                           	callstack 0
    66   006FA4                     end_of_initialization:
    67                           	callstack 0
    68   006FA4                     __end_of__initialization:
    69                           	callstack 0
    70   006FA4  0100               	movlb	0
    71   006FA6  EFE3  F037         	goto	_main	;jump to C main() function
    72                           
    73                           	psect	cstackCOMRAM
    74   000000                     __pcstackCOMRAM:
    75                           	callstack 0
    76   000000                     
    77                           ; 1 bytes @ 0x0
    78 ;;
    79 ;;Main: autosize = 0, tempsize = 0, incstack = 0, save=0
    80 ;;
    81 ;; *************** function _main *****************
    82 ;; Defined at:
    83 ;;		line 22 in file "timer_main.c"
    84 ;; Parameters:    Size  Location     Type
    85 ;;		None
    86 ;; Auto vars:     Size  Location     Type
    87 ;;		None
    88 ;; Return value:  Size  Location     Type
    89 ;;                  1    wreg      void 
    90 ;; Registers used:
    91 ;;		wreg, status,2, cstack
    92 ;; Tracked objects:
    93 ;;		On entry : 0/0
    94 ;;		On exit  : 0/0
    95 ;;		Unchanged: 0/0
    96 ;; Data sizes:     COMRAM   BANK0   BANK1   BANK2   BANK3   BANK4   BANK5
    97 ;;      Params:         0       0       0       0       0       0       0
    98 ;;      Locals:         0       0       0       0       0       0       0
    99 ;;      Temps:          0       0       0       0       0       0       0
   100 ;;      Totals:         0       0       0       0       0       0       0
   101 ;;Total ram usage:        0 bytes
   102 ;; Hardware stack levels required when called: 1
   103 ;; This function calls:
   104 ;;		_Timer0
   105 ;;		_Timer0_Init
   106 ;; This function is called by:
   107 ;;		Startup code after reset
   108 ;; This function uses a non-reentrant model
   109 ;;
   110                           
   111                           	psect	text0
   112   006FC6                     __ptext0:
   113                           	callstack 0
   114   006FC6                     _main:
   115                           	callstack 30
   116   006FC6                     
   117                           ;timer_main.c: 24:     TRISBbits.RB0 = 0;
   118   006FC6  9093               	bcf	147,0,c	;volatile
   119                           
   120                           ;timer_main.c: 25:     LATBbits.LB0 = 0;
   121   006FC8  908A               	bcf	138,0,c	;volatile
   122   006FCA                     
   123                           ;timer_main.c: 26:     Timer0_Init();
   124   006FCA  ECD5  F037         	call	_Timer0_Init	;wreg free
   125   006FCE                     l721:
   126                           
   127                           ;timer_main.c: 28:     {;timer_main.c: 29:         LATBbits.LB0 = 0;
   128   006FCE  908A               	bcf	138,0,c	;volatile
   129                           
   130                           ;timer_main.c: 30:         Timer0();
   131   006FD0  ECF1  F037         	call	_Timer0	;wreg free
   132   006FD4                     
   133                           ;timer_main.c: 31:         LATBbits.LB0 = 1;
   134   006FD4  808A               	bsf	138,0,c	;volatile
   135                           
   136                           ;timer_main.c: 32:         Timer0();
   137   006FD6  ECF1  F037         	call	_Timer0	;wreg free
   138   006FDA  EFE7  F037         	goto	l721
   139   006FDE  EF00  F000         	goto	start
   140   006FE2                     __end_of_main:
   141                           	callstack 0
   142                           
   143 ;; *************** function _Timer0_Init *****************
   144 ;; Defined at:
   145 ;;		line 4 in file "timer_main.c"
   146 ;; Parameters:    Size  Location     Type
   147 ;;		None
   148 ;; Auto vars:     Size  Location     Type
   149 ;;		None
   150 ;; Return value:  Size  Location     Type
   151 ;;                  1    wreg      void 
   152 ;; Registers used:
   153 ;;		wreg, status,2
   154 ;; Tracked objects:
   155 ;;		On entry : 0/0
   156 ;;		On exit  : 0/0
   157 ;;		Unchanged: 0/0
   158 ;; Data sizes:     COMRAM   BANK0   BANK1   BANK2   BANK3   BANK4   BANK5
   159 ;;      Params:         0       0       0       0       0       0       0
   160 ;;      Locals:         0       0       0       0       0       0       0
   161 ;;      Temps:          0       0       0       0       0       0       0
   162 ;;      Totals:         0       0       0       0       0       0       0
   163 ;;Total ram usage:        0 bytes
   164 ;; Hardware stack levels used: 1
   165 ;; This function calls:
   166 ;;		Nothing
   167 ;; This function is called by:
   168 ;;		_main
   169 ;; This function uses a non-reentrant model
   170 ;;
   171                           
   172                           	psect	text1
   173   006FAA                     __ptext1:
   174                           	callstack 0
   175   006FAA                     _Timer0_Init:
   176                           	callstack 30
   177   006FAA                     
   178                           ;timer_main.c: 5:     T0CONbits.T08BIT=0;
   179   006FAA  9CD5               	bcf	213,6,c	;volatile
   180                           
   181                           ;timer_main.c: 6:     T0CONbits.T0CS =0;
   182   006FAC  9AD5               	bcf	213,5,c	;volatile
   183                           
   184                           ;timer_main.c: 7:     T0CONbits.T0SE =0;
   185   006FAE  98D5               	bcf	213,4,c	;volatile
   186                           
   187                           ;timer_main.c: 8:     T0CONbits.PSA = 0;
   188   006FB0  96D5               	bcf	213,3,c	;volatile
   189   006FB2                     
   190                           ;timer_main.c: 9:     T0CONbits.T0PS = 0b010;
   191   006FB2  50D5               	movf	213,w,c	;volatile
   192   006FB4  0BF8               	andlw	-8
   193   006FB6  0902               	iorlw	2
   194   006FB8  6ED5               	movwf	213,c	;volatile
   195                           
   196                           ;timer_main.c: 10:     TMR0H = 0x0B;
   197   006FBA  0E0B               	movlw	11
   198   006FBC  6ED7               	movwf	215,c	;volatile
   199                           
   200                           ;timer_main.c: 11:     TMR0L = 0xDB;
   201   006FBE  0EDB               	movlw	219
   202   006FC0  6ED6               	movwf	214,c	;volatile
   203   006FC2                     
   204                           ;timer_main.c: 12:     T0CONbits.TMR0ON = 1;
   205   006FC2  8ED5               	bsf	213,7,c	;volatile
   206   006FC4  0012               	return		;funcret
   207   006FC6                     __end_of_Timer0_Init:
   208                           	callstack 0
   209                           
   210 ;; *************** function _Timer0 *****************
   211 ;; Defined at:
   212 ;;		line 14 in file "timer_main.c"
   213 ;; Parameters:    Size  Location     Type
   214 ;;		None
   215 ;; Auto vars:     Size  Location     Type
   216 ;;		None
   217 ;; Return value:  Size  Location     Type
   218 ;;                  1    wreg      void 
   219 ;; Registers used:
   220 ;;		wreg, status,2
   221 ;; Tracked objects:
   222 ;;		On entry : 0/0
   223 ;;		On exit  : 0/0
   224 ;;		Unchanged: 0/0
   225 ;; Data sizes:     COMRAM   BANK0   BANK1   BANK2   BANK3   BANK4   BANK5
   226 ;;      Params:         0       0       0       0       0       0       0
   227 ;;      Locals:         0       0       0       0       0       0       0
   228 ;;      Temps:          0       0       0       0       0       0       0
   229 ;;      Totals:         0       0       0       0       0       0       0
   230 ;;Total ram usage:        0 bytes
   231 ;; Hardware stack levels used: 1
   232 ;; This function calls:
   233 ;;		Nothing
   234 ;; This function is called by:
   235 ;;		_main
   236 ;; This function uses a non-reentrant model
   237 ;;
   238                           
   239                           	psect	text2
   240   006FE2                     __ptext2:
   241                           	callstack 0
   242   006FE2                     _Timer0:
   243                           	callstack 30
   244   006FE2                     l18:
   245   006FE2  A4F2               	btfss	242,2,c	;volatile
   246   006FE4  EFF6  F037         	goto	u11
   247   006FE8  EFF8  F037         	goto	u10
   248   006FEC                     u11:
   249   006FEC  EFF1  F037         	goto	l18
   250   006FF0                     u10:
   251   006FF0                     
   252                           ;timer_main.c: 16:         T0CONbits.TMR0ON = 0;
   253   006FF0  9ED5               	bcf	213,7,c	;volatile
   254                           
   255                           ;timer_main.c: 17:         INTCONbits.TMR0IF = 0;
   256   006FF2  94F2               	bcf	242,2,c	;volatile
   257   006FF4                     
   258                           ;timer_main.c: 18:         TMR0H = 0x0B;
   259   006FF4  0E0B               	movlw	11
   260   006FF6  6ED7               	movwf	215,c	;volatile
   261                           
   262                           ;timer_main.c: 19:         TMR0L = 0xDB;
   263   006FF8  0EDB               	movlw	219
   264   006FFA  6ED6               	movwf	214,c	;volatile
   265   006FFC                     
   266                           ;timer_main.c: 20:         T0CONbits.TMR0ON = 1;
   267   006FFC  8ED5               	bsf	213,7,c	;volatile
   268   006FFE  0012               	return		;funcret
   269   007000                     __end_of_Timer0:
   270                           	callstack 0
   271   000000                     
   272                           	psect	rparam
   273   000000                     
   274                           	psect	idloc
   275                           
   276                           ;Config register IDLOC0 @ 0x200000
   277                           ;	unspecified, using default values
   278   200000                     	org	2097152
   279   200000  FF                 	db	255
   280                           
   281                           ;Config register IDLOC1 @ 0x200001
   282                           ;	unspecified, using default values
   283   200001                     	org	2097153
   284   200001  FF                 	db	255
   285                           
   286                           ;Config register IDLOC2 @ 0x200002
   287                           ;	unspecified, using default values
   288   200002                     	org	2097154
   289   200002  FF                 	db	255
   290                           
   291                           ;Config register IDLOC3 @ 0x200003
   292                           ;	unspecified, using default values
   293   200003                     	org	2097155
   294   200003  FF                 	db	255
   295                           
   296                           ;Config register IDLOC4 @ 0x200004
   297                           ;	unspecified, using default values
   298   200004                     	org	2097156
   299   200004  FF                 	db	255
   300                           
   301                           ;Config register IDLOC5 @ 0x200005
   302                           ;	unspecified, using default values
   303   200005                     	org	2097157
   304   200005  FF                 	db	255
   305                           
   306                           ;Config register IDLOC6 @ 0x200006
   307                           ;	unspecified, using default values
   308   200006                     	org	2097158
   309   200006  FF                 	db	255
   310                           
   311                           ;Config register IDLOC7 @ 0x200007
   312                           ;	unspecified, using default values
   313   200007                     	org	2097159
   314   200007  FF                 	db	255
   315                           
   316                           	psect	config
   317                           
   318                           ; Padding undefined space
   319   300000                     	org	3145728
   320   300000  FF                 	db	255
   321                           
   322                           ;Config register CONFIG1H @ 0x300001
   323                           ;	Oscillator Selection bits
   324                           ;	OSC = HS, HS oscillator
   325                           ;	Fail-Safe Clock Monitor Enable bit
   326                           ;	FCMEN = OFF, Fail-Safe Clock Monitor disabled
   327                           ;	Internal/External Oscillator Switchover bit
   328                           ;	IESO = OFF, Oscillator Switchover mode disabled
   329   300001                     	org	3145729
   330   300001  02                 	db	2
   331                           
   332                           ;Config register CONFIG2L @ 0x300002
   333                           ;	Power-up Timer Enable bit
   334                           ;	PWRT = OFF, PWRT disabled
   335                           ;	Brown-out Reset Enable bits
   336                           ;	BOREN = SBORDIS, Brown-out Reset enabled in hardware only (SBOREN is disabled)
   337                           ;	Brown Out Reset Voltage bits
   338                           ;	BORV = 3, Minimum setting
   339   300002                     	org	3145730
   340   300002  1F                 	db	31
   341                           
   342                           ;Config register CONFIG2H @ 0x300003
   343                           ;	Watchdog Timer Enable bit
   344                           ;	WDT = OFF, WDT disabled (control is placed on the SWDTEN bit)
   345                           ;	Watchdog Timer Postscale Select bits
   346                           ;	WDTPS = 32768, 1:32768
   347   300003                     	org	3145731
   348   300003  1E                 	db	30
   349                           
   350                           ; Padding undefined space
   351   300004                     	org	3145732
   352   300004  FF                 	db	255
   353                           
   354                           ;Config register CONFIG3H @ 0x300005
   355                           ;	CCP2 MUX bit
   356                           ;	CCP2MX = PORTC, CCP2 input/output is multiplexed with RC1
   357                           ;	PORTB A/D Enable bit
   358                           ;	PBADEN = OFF, PORTB<4:0> pins are configured as digital I/O on Reset
   359                           ;	Low-Power Timer1 Oscillator Enable bit
   360                           ;	LPT1OSC = OFF, Timer1 configured for higher power operation
   361                           ;	MCLR Pin Enable bit
   362                           ;	MCLRE = OFF, RE3 input pin enabled; MCLR disabled
   363   300005                     	org	3145733
   364   300005  01                 	db	1
   365                           
   366                           ;Config register CONFIG4L @ 0x300006
   367                           ;	Stack Full/Underflow Reset Enable bit
   368                           ;	STVREN = ON, Stack full/underflow will cause Reset
   369                           ;	Single-Supply ICSP Enable bit
   370                           ;	LVP = OFF, Single-Supply ICSP disabled
   371                           ;	Extended Instruction Set Enable bit
   372                           ;	XINST = OFF, Instruction set extension and Indexed Addressing mode disabled (Legacy mo
      +                          de)
   373                           ;	Background Debugger Enable bit
   374                           ;	DEBUG = 0x1, unprogrammed default
   375   300006                     	org	3145734
   376   300006  81                 	db	129
   377                           
   378                           ; Padding undefined space
   379   300007                     	org	3145735
   380   300007  FF                 	db	255
   381                           
   382                           ;Config register CONFIG5L @ 0x300008
   383                           ;	Code Protection bit
   384                           ;	CP0 = OFF, Block 0 (000800-001FFFh) not code-protected
   385                           ;	Code Protection bit
   386                           ;	CP1 = OFF, Block 1 (002000-003FFFh) not code-protected
   387                           ;	Code Protection bit
   388                           ;	CP2 = OFF, Block 2 (004000-005FFFh) not code-protected
   389                           ;	Code Protection bit
   390                           ;	CP3 = OFF, Block 3 (006000-007FFFh) not code-protected
   391   300008                     	org	3145736
   392   300008  0F                 	db	15
   393                           
   394                           ;Config register CONFIG5H @ 0x300009
   395                           ;	Boot Block Code Protection bit
   396                           ;	CPB = OFF, Boot block (000000-0007FFh) not code-protected
   397                           ;	Data EEPROM Code Protection bit
   398                           ;	CPD = OFF, Data EEPROM not code-protected
   399   300009                     	org	3145737
   400   300009  C0                 	db	192
   401                           
   402                           ;Config register CONFIG6L @ 0x30000A
   403                           ;	Write Protection bit
   404                           ;	WRT0 = OFF, Block 0 (000800-001FFFh) not write-protected
   405                           ;	Write Protection bit
   406                           ;	WRT1 = OFF, Block 1 (002000-003FFFh) not write-protected
   407                           ;	Write Protection bit
   408                           ;	WRT2 = OFF, Block 2 (004000-005FFFh) not write-protected
   409                           ;	Write Protection bit
   410                           ;	WRT3 = OFF, Block 3 (006000-007FFFh) not write-protected
   411   30000A                     	org	3145738
   412   30000A  0F                 	db	15
   413                           
   414                           ;Config register CONFIG6H @ 0x30000B
   415                           ;	Configuration Register Write Protection bit
   416                           ;	WRTC = OFF, Configuration registers (300000-3000FFh) not write-protected
   417                           ;	Boot Block Write Protection bit
   418                           ;	WRTB = OFF, Boot block (000000-0007FFh) not write-protected
   419                           ;	Data EEPROM Write Protection bit
   420                           ;	WRTD = OFF, Data EEPROM not write-protected
   421   30000B                     	org	3145739
   422   30000B  E0                 	db	224
   423                           
   424                           ;Config register CONFIG7L @ 0x30000C
   425                           ;	Table Read Protection bit
   426                           ;	EBTR0 = OFF, Block 0 (000800-001FFFh) not protected from table reads executed in other
      +                           blocks
   427                           ;	Table Read Protection bit
   428                           ;	EBTR1 = OFF, Block 1 (002000-003FFFh) not protected from table reads executed in other
      +                           blocks
   429                           ;	Table Read Protection bit
   430                           ;	EBTR2 = OFF, Block 2 (004000-005FFFh) not protected from table reads executed in other
      +                           blocks
   431                           ;	Table Read Protection bit
   432                           ;	EBTR3 = OFF, Block 3 (006000-007FFFh) not protected from table reads executed in other
      +                           blocks
   433   30000C                     	org	3145740
   434   30000C  0F                 	db	15
   435                           
   436                           ;Config register CONFIG7H @ 0x30000D
   437                           ;	Boot Block Table Read Protection bit
   438                           ;	EBTRB = OFF, Boot block (000000-0007FFh) not protected from table reads executed in ot
      +                          her blocks
   439   30000D                     	org	3145741
   440   30000D  40                 	db	64
   441                           tosu	equ	0xFFF
   442                           tosh	equ	0xFFE
   443                           tosl	equ	0xFFD
   444                           stkptr	equ	0xFFC
   445                           pclatu	equ	0xFFB
   446                           pclath	equ	0xFFA
   447                           pcl	equ	0xFF9
   448                           tblptru	equ	0xFF8
   449                           tblptrh	equ	0xFF7
   450                           tblptrl	equ	0xFF6
   451                           tablat	equ	0xFF5
   452                           prodh	equ	0xFF4
   453                           prodl	equ	0xFF3
   454                           indf0	equ	0xFEF
   455                           postinc0	equ	0xFEE
   456                           postdec0	equ	0xFED
   457                           preinc0	equ	0xFEC
   458                           plusw0	equ	0xFEB
   459                           fsr0h	equ	0xFEA
   460                           fsr0l	equ	0xFE9
   461                           wreg	equ	0xFE8
   462                           indf1	equ	0xFE7
   463                           postinc1	equ	0xFE6
   464                           postdec1	equ	0xFE5
   465                           preinc1	equ	0xFE4
   466                           plusw1	equ	0xFE3
   467                           fsr1h	equ	0xFE2
   468                           fsr1l	equ	0xFE1
   469                           bsr	equ	0xFE0
   470                           indf2	equ	0xFDF
   471                           postinc2	equ	0xFDE
   472                           postdec2	equ	0xFDD
   473                           preinc2	equ	0xFDC
   474                           plusw2	equ	0xFDB
   475                           fsr2h	equ	0xFDA
   476                           fsr2l	equ	0xFD9
   477                           status	equ	0xFD8

Data Sizes:
    Strings     0
    Constant    0
    Data        0
    BSS         0
    Persistent  0
    Stack       0

Auto Spaces:
    Space          Size  Autos    Used
    COMRAM          127      0       0
    BANK0           128      0       0
    BANK1           256      0       0
    BANK2           256      0       0
    BANK3           256      0       0
    BANK4           256      0       0
    BANK5           256      0       0

Pointer List with Targets:

    None.

Critical Paths under _main in COMRAM

    None.

Critical Paths under _main in BANK0

    None.

Critical Paths under _main in BANK1

    None.

Critical Paths under _main in BANK2

    None.

Critical Paths under _main in BANK3

    None.

Critical Paths under _main in BANK4

    None.

Critical Paths under _main in BANK5

    None.

Call Graph Tables:

 ---------------------------------------------------------------------------------
 (Depth) Function   	        Calls       Base Space   Used Autos Params    Refs
 ---------------------------------------------------------------------------------
 (0) _main                                                 0     0      0       0
                             _Timer0
                        _Timer0_Init
 ---------------------------------------------------------------------------------
 (1) _Timer0_Init                                          0     0      0       0
 ---------------------------------------------------------------------------------
 (1) _Timer0                                               0     0      0       0
 ---------------------------------------------------------------------------------
 Estimated maximum stack depth 1
 ---------------------------------------------------------------------------------

 Call Graph Graphs:

 _main (ROOT)
   _Timer0
   _Timer0_Init

 Address spaces:
Name               Size   Autos  Total    Cost      Usage
BITCOMRAM           7F      0       0       0        0.0%
EEDATA             100      0       0       0        0.0%
NULL                 0      0       0       0        0.0%
CODE                 0      0       0       0        0.0%
COMRAM              7F      0       0       1        0.0%
STACK                0      0       0       2        0.0%
DATA                 0      0       0       3        0.0%
BITBANK0            80      0       0       4        0.0%
BANK0               80      0       0       5        0.0%
BITBANK1           100      0       0       6        0.0%
BANK1              100      0       0       7        0.0%
BITBANK2           100      0       0       8        0.0%
BANK2              100      0       0       9        0.0%
BITBANK3           100      0       0      10        0.0%
BANK3              100      0       0      11        0.0%
BITBANK4           100      0       0      12        0.0%
BANK4              100      0       0      13        0.0%
BITBANK5           100      0       0      14        0.0%
BANK5              100      0       0      15        0.0%
BITBIGSFRhhh         D      0       0      16        0.0%
BITBIGSFRhhl        1A      0       0      17        0.0%
BITBIGSFRlh         41      0       0      18        0.0%
BITBIGSFRllh         8      0       0      19        0.0%
BITBIGSFRlll         A      0       0      20        0.0%
ABS                  0      0       0      21        0.0%
BIGRAM             5FF      0       0      22        0.0%
BIGSFR               0      0       0     200        0.0%
BITSFR               0      0       0     200        0.0%
SFR                  0      0       0     200        0.0%


Microchip Technology PIC18 Macro Assembler V2.40 build 20220703182018 
Symbol Table                                                                                   Tue Dec 13 16:56:33 2022

                     l20 6FF0                       l21 6FFE                       l15 6FC4  
                     l18 6FE2                       u10 6FF0                       u11 6FEC  
                    l711 6FE2                      l713 6FF4                      l705 6FAA  
                    l721 6FCE                      l715 6FFC                      l707 6FB2  
                    l723 6FD4                      l709 6FC2                      l717 6FC6  
                    l719 6FCA                     _main 6FC6                     start 0000  
           ___param_bank 000000                    ?_main 0000                    _TMR0H 000FD7  
                  _TMR0L 000FD6          __initialization 6FA4             __end_of_main 6FE2  
                 ??_main 0000            __activetblptr 000000            ??_Timer0_Init 0000  
                 _Timer0 6FE2                   isa$std 000001               __accesstop 0080  
__end_of__initialization 6FA4            ___rparam_used 000001           __pcstackCOMRAM 0000  
    __end_of_Timer0_Init 6FC6                  ?_Timer0 0000                  __Hparam 0000  
            _Timer0_Init 6FAA                  __Lparam 0000                  __pcinit 6FA4  
                __ramtop 0600                  __ptext0 6FC6                  __ptext1 6FAA  
                __ptext2 6FE2                _T0CONbits 000FD5     end_of_initialization 6FA4  
              _TRISBbits 000F93           __end_of_Timer0 7000      start_initialization 6FA4  
               ??_Timer0 0000             ?_Timer0_Init 0000                 _LATBbits 000F8A  
               __Hrparam 0000                 __Lrparam 0000                 isa$xinst 000000  
             _INTCONbits 000FF2  
